[INFO ] 2023-07-02 13:32:42.723 [main] ReportManager - 
------------------------------------------------------------------------------------------------------------------------------------------------
                                                      Powered by SHAFT Engine v7.2.20230621                                                      
------------------------------------------------------------------------------------------------------------------------------------------------

[INFO ] 2023-07-02 13:33:41.000 [main] ReportManager - Loaded OpenCV "opencv_java470".
[INFO ] 2023-07-02 13:33:41.001 [main] ReportManager - Initializing Allure Reporting Environment...
[INFO ] 2023-07-02 13:33:41.744 [main] ReportManager - Initializing Extent Reporting Environment...
[INFO ] 2023-07-02 13:33:43.048 [main] ReportManager - Initializing Summary Reporting Environment...
[INFO ] 2023-07-02 13:33:43.522 [main] Utils - [TestNG] Running:
  C:\Users\WIN 10\AppData\Local\JetBrains\IdeaIC2022.2\temp-testng-customsuite.xml

[INFO ] 2023-07-02 13:33:43.585 [main] ReportManager - 
------------------------------------------------------------------------------------------------------------------------------------------------
                                             Starting execution of suite setup configuration method                                             
                                          'com.shaft.listeners.internal.ConfigurationHelper.suiteSetup'                                          
------------------------------------------------------------------------------------------------------------------------------------------------

[INFO ] 2023-07-02 13:33:44.110 [main] ReportManager - Initializing Important Links...
[INFO ] 2023-07-02 13:33:44.187 [main] ReportManager - Initializing Properties...
[INFO ] 2023-07-02 13:33:44.449 [main] ReportManager - 
------------------------------------------------------------------------------------------------------------------------------------------------
                                             Starting execution of before class configuration method                                             
                                                             'TestClass.beforeClass'                                                             
------------------------------------------------------------------------------------------------------------------------------------------------

[INFO ] 2023-07-02 13:33:44.478 [main] ReportManager - Setting "targetOperatingSystem" property with "windows".
[INFO ] 2023-07-02 13:33:44.502 [main] ReportManager - Capabilities {acceptInsecureCerts: true, browserName: chrome, goog:chromeOptions: {args: [--start-maximized, --remote-allow-origins=*, --enable-automation, --disable-background-timer-..., --disable-backgrounding-occ..., --disable-features=Calculat..., --disable-hang-monitor, --disable-domain-reliability, --disable-renderer-backgrou..., --disable-features=Autofill..., --metrics-recording-only, --no-first-run, --no-default-browser-check, --silent-debugger-extension..., --disable-extensions, --disable-component-extensi..., --disable-dev-shm-usage, --disable-features=MediaRouter, --disable-features=Translate, --disable-ipc-flooding-prot..., --disable-background-networ..., --mute-audio, --disable-breakpad, --ignore-certificate-errors, --disable-device-discovery-..., --force-color-profile=srgb, --hide-scrollbars, --host-resolver-rules, --no-pings, --disable-features=AvoidUnn..., --disable-features=Certific..., --disable-sync, --disable-features=Optimiza..., --disable-features=DialMedi..., --disable-features=GlobalMe..., --disable-features=Improved..., --disable-features=LazyFram..., --disable-field-trial-config, --enable-features=NetworkSe..., --enable-features=NetworkSe..., --enable-use-zoom-for-dsf, --log-net-log, --net-log-capture-mode, --disable-client-side-phish..., --disable-default-apps, --disable-features=Interest...], extensions: [], prefs: {download.default_directory: C:\Users\WIN 10\IdeaProject..., download.prompt_for_download: false, profile.default_content_settings.popups: 0}}, pageLoadStrategy: none, timeouts: {pageLoad: 60000, script: 30000}, unhandledPromptBehavior: accept and notify}
[INFO ] 2023-07-02 13:33:44.504 [main] ReportManager - Attempting to run locally on: "windows | Chrome".
[INFO ] 2023-07-02 13:33:44.506 [main] ReportManager - Identifying OS/Driver combination and selecting the correct driver version automatically. Please note that if a new driver executable will be downloaded it may take some time...
[DEBUG] 2023-07-02 13:33:45.578 [main] ResolutionCache - Resolution chrome=114 in cache (valid until 14:24:38 02/07/2023 EET)
[DEBUG] 2023-07-02 13:33:45.579 [main] ResolutionCache - Resolution chrome114=114.0.5735.90 in cache (valid until 13:24:38 03/07/2023 EET)
[INFO ] 2023-07-02 13:33:45.581 [main] WebDriverManager - Using chromedriver 114.0.5735.90 (resolved driver for Chrome 114)
[DEBUG] 2023-07-02 13:33:45.622 [main] WebDriverManager - Driver chromedriver 114.0.5735.90 found in cache
[INFO ] 2023-07-02 13:33:45.624 [main] WebDriverManager - Exporting webdriver.chrome.driver as C:\Users\WIN 10\.cache\selenium\chromedriver\win32\114.0.5735.90\chromedriver.exe
[WARN ] 2023-07-02 13:33:45.688 [main] ReportManager - Jul 02, 2023 1:33:45 PM org.openqa.selenium.remote.service.DriverService$Builder getLogOutput
[WARN ] 2023-07-02 13:33:45.689 [main] ReportManager - INFO: Driver logs no longer sent to console by default; https://www.selenium.dev/documentation/webdriver/drivers/service/#setting-log-output
[INFO ] 2023-07-02 13:34:02.851 [main] ReportManager - Successfully Opened: "windows | Chrome".
[INFO ] 2023-07-02 13:34:02.869 [main] ReportManager - File Action "DoesFileExist" successfully performed. With the following test data "File Path: "simpleJSON.json"".
[INFO ] 2023-07-02 13:34:02.871 [main] ReportManager - File Action "DoesFileExist" successfully performed. With the following test data "File Path: "src/test/resources/testDataFiles/simpleJSON.json"".
[INFO ] 2023-07-02 13:34:02.874 [main] ReportManager - File Action "GetAbsolutePath" successfully performed. With the following test data "Relative Folder Path: "src/test/resources/testDataFiles/simpleJSON.json"".
[INFO ] 2023-07-02 13:34:02.882 [main] ReportManager - Successfully created attachment 'Test Data - JSON'
[INFO ] 2023-07-02 13:34:02.997 [main] ReportManager - 
------------------------------------------------------------------------------------------------------------------------------------------------
                                        Starting Execution: '1 out of 1' test cases in the current suite                                        
                                                          Test Method: 'TestClass.test'                                                          
------------------------------------------------------------------------------------------------------------------------------------------------

[INFO ] 2023-07-02 13:34:03.322 [main] ReportManager - Target URL: "https://www.google.com/"
[INFO ] 2023-07-02 13:34:03.387 [main] ReportManager - Initial URL: "data:,"
[INFO ] 2023-07-02 13:34:07.636 [main] ReportManager - Navigate to url "https://www.google.com/".
[INFO ] 2023-07-02 13:34:07.792 [main] ReportManager - Get current window title "Google".
[INFO ] 2023-07-02 13:34:07.793 [main] ReportManager - Expected "Google", and actual "Google"
[INFO ] 2023-07-02 13:34:18.950 [main] ReportManager - Verification "ValidateBrowserAttribute" PASSED. Expected "Value Should be 'Google' for the 'title' attribute" and Actual "Google". Comparison Type "EQUALS". Validation Type "POSITIVE".
[INFO ] 2023-07-02 13:34:19.089 [main] ReportManager - Successfully created attachment 'Screenshot - 1688297648270_test_ValidateBrowserAttribute_passed'
[INFO ] 2023-07-02 13:34:19.173 [main] ReportManager - File Action "DoesFileExist" successfully performed. With the following test data "File Path: "src/test/resources/testDataFiles/simpleJSON.json"".
[INFO ] 2023-07-02 13:34:19.174 [main] ReportManager - File Action "GetAbsolutePath" successfully performed. With the following test data "Relative Folder Path: "src/test/resources/testDataFiles/simpleJSON.json"".
[INFO ] 2023-07-02 13:34:32.299 [main] ReportManager - Type "SHAFT_Engine" into "Search".
[INFO ] 2023-07-02 13:34:33.292 [main] ReportManager - Key press "ENTER" against "Search".
[INFO ] 2023-07-02 13:34:52.604 [main] ReportManager - Get text "About 1,070,000 results (0.28 seconds)" from "By.id: result-stats".
[INFO ] 2023-07-02 13:34:52.606 [main] ReportManager - Expected "", and actual "About 1,070,000 results (0.28 seconds) "
[INFO ] 2023-07-02 13:34:59.526 [main] ReportManager - Assertion "ValidateElementAttribute" PASSED. Expected "Value Should not be '' for the 'text' attribute, element locator 'By.id: result-stats'" and Actual "About 1,070,000 results (0.28 seconds) ". Comparison Type "EQUALS". Validation Type "NEGATIVE".
[INFO ] 2023-07-02 13:34:59.556 [main] ReportManager - Successfully created attachment 'Screenshot - 1688297697715_test_ValidateElementAttribute_passed'
[INFO ] 2023-07-02 13:34:59.565 [main] ReportManager - Successfully created attachment 'SHAFT Engine Logs - Current Method log: test'
[INFO ] 2023-07-02 13:35:00.776 [main] ReportManager - 
------------------------------------------------------------------------------------------------------------------------------------------------
                                             Starting execution of after class configuration method                                             
                                                             'TestClass.afterClass'                                                             
------------------------------------------------------------------------------------------------------------------------------------------------

[INFO ] 2023-07-02 13:35:05.543 [main] ReportManager - Successfully Closed Driver.
[INFO ] 2023-07-02 13:35:05.609 [main] ReportManager - 
------------------------------------------------------------------------------------------------------------------------------------------------
                                           Starting execution of engine teardown configuration method                                           
                                        'com.shaft.listeners.internal.ConfigurationHelper.engineTeardown'                                        
------------------------------------------------------------------------------------------------------------------------------------------------

[INFO ] 2023-07-02 13:35:05.611 [main] ReportManager - Successfully created attachment 'SHAFT Engine Logs - Execution log'
[INFO ] 2023-07-02 13:35:05.613 [main] ReportManager - File Action "DoesFileExist" successfully performed. With the following test data "File Path: "target/logs/log4j.log"".
[INFO ] 2023-07-02 13:35:05.615 [main] ReportManager - File Action "GetAbsolutePath" successfully performed. With the following test data "Relative Folder Path: "target/logs/log4j.log"".
[INFO ] 2023-07-02 13:35:05.617 [main] ReportManager - File Action "ReadFileAsByteArray" successfully performed. With the following test data "File Path: "C:\Users\WIN 10\IdeaProjects\WebTestingPractice_ShaftEngine\target\logs\log4j.log"".
[INFO ] 2023-07-02 13:35:05.621 [main] ReportManager - File Action "DeleteFile" successfully performed. With the following test data "Target File Path: "target/logs/log4j.log", file was not deleted.".
[INFO ] 2023-07-02 13:35:05.624 [main] ReportManager - Successfully created attachment 'SHAFT Engine Logs - Execution log: 20230702-133505'
[DEBUG] 2023-07-02 13:35:05.734 [main] cache - Couldn't find template in cache for "spark/spark.spa.ftl"("en_US", UTF-8, parsed); will try to load it.
[DEBUG] 2023-07-02 13:35:05.736 [main] cache - TemplateLoader.findTemplateSource("spark/spark.spa_en_US.ftl"): Not found
[DEBUG] 2023-07-02 13:35:05.739 [main] cache - TemplateLoader.findTemplateSource("spark/spark.spa_en.ftl"): Not found
[DEBUG] 2023-07-02 13:35:05.740 [main] cache - TemplateLoader.findTemplateSource("spark/spark.spa.ftl"): Found
[DEBUG] 2023-07-02 13:35:05.740 [main] cache - Loading template for "spark/spark.spa.ftl"("en_US", UTF-8, parsed) from "jar:file:/C:/Users/WIN%2010/.m2/repository/com/aventstack/extentreports/5.0.9/extentreports-5.0.9.jar!/com/aventstack/extentreports/templates/spark/spark.spa.ftl"
[DEBUG] 2023-07-02 13:35:06.223 [main] cache - Couldn't find template in cache for "commons/commons-variables.ftl"("en_US", UTF-8, parsed); will try to load it.
[DEBUG] 2023-07-02 13:35:06.223 [main] cache - TemplateLoader.findTemplateSource("commons/commons-variables_en_US.ftl"): Not found
[DEBUG] 2023-07-02 13:35:06.224 [main] cache - TemplateLoader.findTemplateSource("commons/commons-variables_en.ftl"): Not found
[DEBUG] 2023-07-02 13:35:06.224 [main] cache - TemplateLoader.findTemplateSource("commons/commons-variables.ftl"): Found
[DEBUG] 2023-07-02 13:35:06.224 [main] cache - Loading template for "commons/commons-variables.ftl"("en_US", UTF-8, parsed) from "jar:file:/C:/Users/WIN%2010/.m2/repository/com/aventstack/extentreports/5.0.9/extentreports-5.0.9.jar!/com/aventstack/extentreports/templates/commons/commons-variables.ftl"
[DEBUG] 2023-07-02 13:35:06.478 [main] cache - Couldn't find template in cache for "commons/commons-macros.ftl"("en_US", UTF-8, parsed); will try to load it.
[DEBUG] 2023-07-02 13:35:06.480 [main] cache - TemplateLoader.findTemplateSource("commons/commons-macros_en_US.ftl"): Not found
[DEBUG] 2023-07-02 13:35:06.481 [main] cache - TemplateLoader.findTemplateSource("commons/commons-macros_en.ftl"): Not found
[DEBUG] 2023-07-02 13:35:06.482 [main] cache - TemplateLoader.findTemplateSource("commons/commons-macros.ftl"): Found
[DEBUG] 2023-07-02 13:35:06.482 [main] cache - Loading template for "commons/commons-macros.ftl"("en_US", UTF-8, parsed) from "jar:file:/C:/Users/WIN%2010/.m2/repository/com/aventstack/extentreports/5.0.9/extentreports-5.0.9.jar!/com/aventstack/extentreports/templates/commons/commons-macros.ftl"
[DEBUG] 2023-07-02 13:35:06.508 [main] cache - Couldn't find template in cache for "spark/macros/attributes.ftl"("en_US", UTF-8, parsed); will try to load it.
[DEBUG] 2023-07-02 13:35:06.509 [main] cache - TemplateLoader.findTemplateSource("spark/macros/attributes_en_US.ftl"): Not found
[DEBUG] 2023-07-02 13:35:06.510 [main] cache - TemplateLoader.findTemplateSource("spark/macros/attributes_en.ftl"): Not found
[DEBUG] 2023-07-02 13:35:06.511 [main] cache - TemplateLoader.findTemplateSource("spark/macros/attributes.ftl"): Found
[DEBUG] 2023-07-02 13:35:06.511 [main] cache - Loading template for "spark/macros/attributes.ftl"("en_US", UTF-8, parsed) from "jar:file:/C:/Users/WIN%2010/.m2/repository/com/aventstack/extentreports/5.0.9/extentreports-5.0.9.jar!/com/aventstack/extentreports/templates/spark/macros/attributes.ftl"
[DEBUG] 2023-07-02 13:35:06.516 [main] cache - Couldn't find template in cache for "spark/macros/log.ftl"("en_US", UTF-8, parsed); will try to load it.
[DEBUG] 2023-07-02 13:35:06.517 [main] cache - TemplateLoader.findTemplateSource("spark/macros/log_en_US.ftl"): Not found
[DEBUG] 2023-07-02 13:35:06.518 [main] cache - TemplateLoader.findTemplateSource("spark/macros/log_en.ftl"): Not found
[DEBUG] 2023-07-02 13:35:06.519 [main] cache - TemplateLoader.findTemplateSource("spark/macros/log.ftl"): Found
[DEBUG] 2023-07-02 13:35:06.520 [main] cache - Loading template for "spark/macros/log.ftl"("en_US", UTF-8, parsed) from "jar:file:/C:/Users/WIN%2010/.m2/repository/com/aventstack/extentreports/5.0.9/extentreports-5.0.9.jar!/com/aventstack/extentreports/templates/spark/macros/log.ftl"
[DEBUG] 2023-07-02 13:35:06.526 [main] cache - Couldn't find template in cache for "spark/macros/recurse_nodes.ftl"("en_US", UTF-8, parsed); will try to load it.
[DEBUG] 2023-07-02 13:35:06.528 [main] cache - TemplateLoader.findTemplateSource("spark/macros/recurse_nodes_en_US.ftl"): Not found
[DEBUG] 2023-07-02 13:35:06.530 [main] cache - TemplateLoader.findTemplateSource("spark/macros/recurse_nodes_en.ftl"): Not found
[DEBUG] 2023-07-02 13:35:06.531 [main] cache - TemplateLoader.findTemplateSource("spark/macros/recurse_nodes.ftl"): Found
[DEBUG] 2023-07-02 13:35:06.531 [main] cache - Loading template for "spark/macros/recurse_nodes.ftl"("en_US", UTF-8, parsed) from "jar:file:/C:/Users/WIN%2010/.m2/repository/com/aventstack/extentreports/5.0.9/extentreports-5.0.9.jar!/com/aventstack/extentreports/templates/spark/macros/recurse_nodes.ftl"
[DEBUG] 2023-07-02 13:35:06.542 [main] cache - "spark/macros/log.ftl"("en_US", UTF-8, parsed) cached copy not yet stale; using cached.
[DEBUG] 2023-07-02 13:35:06.542 [main] cache - Couldn't find template in cache for "spark/macros/attr-common.ftl"("en_US", UTF-8, parsed); will try to load it.
[DEBUG] 2023-07-02 13:35:06.544 [main] cache - TemplateLoader.findTemplateSource("spark/macros/attr-common_en_US.ftl"): Not found
[DEBUG] 2023-07-02 13:35:06.544 [main] cache - TemplateLoader.findTemplateSource("spark/macros/attr-common_en.ftl"): Not found
[DEBUG] 2023-07-02 13:35:06.546 [main] cache - TemplateLoader.findTemplateSource("spark/macros/attr-common.ftl"): Found
[DEBUG] 2023-07-02 13:35:06.546 [main] cache - Loading template for "spark/macros/attr-common.ftl"("en_US", UTF-8, parsed) from "jar:file:/C:/Users/WIN%2010/.m2/repository/com/aventstack/extentreports/5.0.9/extentreports-5.0.9.jar!/com/aventstack/extentreports/templates/spark/macros/attr-common.ftl"
[DEBUG] 2023-07-02 13:35:06.564 [main] cache - Couldn't find template in cache for "spark/partials/head.ftl"("en_US", UTF-8, parsed); will try to load it.
[DEBUG] 2023-07-02 13:35:06.565 [main] cache - TemplateLoader.findTemplateSource("spark/partials/head_en_US.ftl"): Not found
[DEBUG] 2023-07-02 13:35:06.566 [main] cache - TemplateLoader.findTemplateSource("spark/partials/head_en.ftl"): Not found
[DEBUG] 2023-07-02 13:35:06.566 [main] cache - TemplateLoader.findTemplateSource("spark/partials/head.ftl"): Found
[DEBUG] 2023-07-02 13:35:06.566 [main] cache - Loading template for "spark/partials/head.ftl"("en_US", UTF-8, parsed) from "jar:file:/C:/Users/WIN%2010/.m2/repository/com/aventstack/extentreports/5.0.9/extentreports-5.0.9.jar!/com/aventstack/extentreports/templates/spark/partials/head.ftl"
[DEBUG] 2023-07-02 13:35:06.582 [main] cache - Couldn't find template in cache for "commons/commons-inject-css.ftl"("en_US", UTF-8, parsed); will try to load it.
[DEBUG] 2023-07-02 13:35:06.583 [main] cache - TemplateLoader.findTemplateSource("commons/commons-inject-css_en_US.ftl"): Not found
[DEBUG] 2023-07-02 13:35:06.583 [main] cache - TemplateLoader.findTemplateSource("commons/commons-inject-css_en.ftl"): Not found
[DEBUG] 2023-07-02 13:35:06.584 [main] cache - TemplateLoader.findTemplateSource("commons/commons-inject-css.ftl"): Found
[DEBUG] 2023-07-02 13:35:06.584 [main] cache - Loading template for "commons/commons-inject-css.ftl"("en_US", UTF-8, parsed) from "jar:file:/C:/Users/WIN%2010/.m2/repository/com/aventstack/extentreports/5.0.9/extentreports-5.0.9.jar!/com/aventstack/extentreports/templates/commons/commons-inject-css.ftl"
[DEBUG] 2023-07-02 13:35:06.585 [main] cache - Couldn't find template in cache for "spark/partials/navbar.ftl"("en_US", UTF-8, parsed); will try to load it.
[DEBUG] 2023-07-02 13:35:06.586 [main] cache - TemplateLoader.findTemplateSource("spark/partials/navbar_en_US.ftl"): Not found
[DEBUG] 2023-07-02 13:35:06.587 [main] cache - TemplateLoader.findTemplateSource("spark/partials/navbar_en.ftl"): Not found
[DEBUG] 2023-07-02 13:35:06.587 [main] cache - TemplateLoader.findTemplateSource("spark/partials/navbar.ftl"): Found
[DEBUG] 2023-07-02 13:35:06.587 [main] cache - Loading template for "spark/partials/navbar.ftl"("en_US", UTF-8, parsed) from "jar:file:/C:/Users/WIN%2010/.m2/repository/com/aventstack/extentreports/5.0.9/extentreports-5.0.9.jar!/com/aventstack/extentreports/templates/spark/partials/navbar.ftl"
[DEBUG] 2023-07-02 13:35:06.611 [main] cache - Couldn't find template in cache for "spark/partials/sidenav.ftl"("en_US", UTF-8, parsed); will try to load it.
[DEBUG] 2023-07-02 13:35:06.611 [main] cache - TemplateLoader.findTemplateSource("spark/partials/sidenav_en_US.ftl"): Not found
[DEBUG] 2023-07-02 13:35:06.612 [main] cache - TemplateLoader.findTemplateSource("spark/partials/sidenav_en.ftl"): Not found
[DEBUG] 2023-07-02 13:35:06.612 [main] cache - TemplateLoader.findTemplateSource("spark/partials/sidenav.ftl"): Found
[DEBUG] 2023-07-02 13:35:06.612 [main] cache - Loading template for "spark/partials/sidenav.ftl"("en_US", UTF-8, parsed) from "jar:file:/C:/Users/WIN%2010/.m2/repository/com/aventstack/extentreports/5.0.9/extentreports-5.0.9.jar!/com/aventstack/extentreports/templates/spark/partials/sidenav.ftl"
[DEBUG] 2023-07-02 13:35:06.633 [main] cache - Couldn't find template in cache for "spark/partials/dashboard.ftl"("en_US", UTF-8, parsed); will try to load it.
[DEBUG] 2023-07-02 13:35:06.634 [main] cache - TemplateLoader.findTemplateSource("spark/partials/dashboard_en_US.ftl"): Not found
[DEBUG] 2023-07-02 13:35:06.638 [main] cache - TemplateLoader.findTemplateSource("spark/partials/dashboard_en.ftl"): Not found
[DEBUG] 2023-07-02 13:35:06.639 [main] cache - TemplateLoader.findTemplateSource("spark/partials/dashboard.ftl"): Found
[DEBUG] 2023-07-02 13:35:06.640 [main] cache - Loading template for "spark/partials/dashboard.ftl"("en_US", UTF-8, parsed) from "jar:file:/C:/Users/WIN%2010/.m2/repository/com/aventstack/extentreports/5.0.9/extentreports-5.0.9.jar!/com/aventstack/extentreports/templates/spark/partials/dashboard.ftl"
[DEBUG] 2023-07-02 13:35:06.766 [main] cache - Couldn't find template in cache for "spark/partials/test.ftl"("en_US", UTF-8, parsed); will try to load it.
[DEBUG] 2023-07-02 13:35:06.767 [main] cache - TemplateLoader.findTemplateSource("spark/partials/test_en_US.ftl"): Not found
[DEBUG] 2023-07-02 13:35:06.767 [main] cache - TemplateLoader.findTemplateSource("spark/partials/test_en.ftl"): Not found
[DEBUG] 2023-07-02 13:35:06.768 [main] cache - TemplateLoader.findTemplateSource("spark/partials/test.ftl"): Found
[DEBUG] 2023-07-02 13:35:06.768 [main] cache - Loading template for "spark/partials/test.ftl"("en_US", UTF-8, parsed) from "jar:file:/C:/Users/WIN%2010/.m2/repository/com/aventstack/extentreports/5.0.9/extentreports-5.0.9.jar!/com/aventstack/extentreports/templates/spark/partials/test.ftl"
[DEBUG] 2023-07-02 13:35:06.781 [main] cache - Couldn't find template in cache for "spark/partials/standard-content.ftl"("en_US", UTF-8, parsed); will try to load it.
[DEBUG] 2023-07-02 13:35:06.781 [main] cache - TemplateLoader.findTemplateSource("spark/partials/standard-content_en_US.ftl"): Not found
[DEBUG] 2023-07-02 13:35:06.782 [main] cache - TemplateLoader.findTemplateSource("spark/partials/standard-content_en.ftl"): Not found
[DEBUG] 2023-07-02 13:35:06.782 [main] cache - TemplateLoader.findTemplateSource("spark/partials/standard-content.ftl"): Found
[DEBUG] 2023-07-02 13:35:06.782 [main] cache - Loading template for "spark/partials/standard-content.ftl"("en_US", UTF-8, parsed) from "jar:file:/C:/Users/WIN%2010/.m2/repository/com/aventstack/extentreports/5.0.9/extentreports-5.0.9.jar!/com/aventstack/extentreports/templates/spark/partials/standard-content.ftl"
[DEBUG] 2023-07-02 13:35:06.797 [main] cache - Couldn't find template in cache for "spark/partials/exception.ftl"("en_US", UTF-8, parsed); will try to load it.
[DEBUG] 2023-07-02 13:35:06.798 [main] cache - TemplateLoader.findTemplateSource("spark/partials/exception_en_US.ftl"): Not found
[DEBUG] 2023-07-02 13:35:06.798 [main] cache - TemplateLoader.findTemplateSource("spark/partials/exception_en.ftl"): Not found
[DEBUG] 2023-07-02 13:35:06.799 [main] cache - TemplateLoader.findTemplateSource("spark/partials/exception.ftl"): Found
[DEBUG] 2023-07-02 13:35:06.799 [main] cache - Loading template for "spark/partials/exception.ftl"("en_US", UTF-8, parsed) from "jar:file:/C:/Users/WIN%2010/.m2/repository/com/aventstack/extentreports/5.0.9/extentreports-5.0.9.jar!/com/aventstack/extentreports/templates/spark/partials/exception.ftl"
[DEBUG] 2023-07-02 13:35:06.800 [main] cache - Couldn't find template in cache for "spark/partials/log.ftl"("en_US", UTF-8, parsed); will try to load it.
[DEBUG] 2023-07-02 13:35:06.802 [main] cache - TemplateLoader.findTemplateSource("spark/partials/log_en_US.ftl"): Not found
[DEBUG] 2023-07-02 13:35:06.802 [main] cache - TemplateLoader.findTemplateSource("spark/partials/log_en.ftl"): Not found
[DEBUG] 2023-07-02 13:35:06.802 [main] cache - TemplateLoader.findTemplateSource("spark/partials/log.ftl"): Found
[DEBUG] 2023-07-02 13:35:06.802 [main] cache - Loading template for "spark/partials/log.ftl"("en_US", UTF-8, parsed) from "jar:file:/C:/Users/WIN%2010/.m2/repository/com/aventstack/extentreports/5.0.9/extentreports-5.0.9.jar!/com/aventstack/extentreports/templates/spark/partials/log.ftl"
[DEBUG] 2023-07-02 13:35:06.804 [main] cache - Couldn't find template in cache for "spark/partials/scripts.ftl"("en_US", UTF-8, parsed); will try to load it.
[DEBUG] 2023-07-02 13:35:06.804 [main] cache - TemplateLoader.findTemplateSource("spark/partials/scripts_en_US.ftl"): Not found
[DEBUG] 2023-07-02 13:35:06.805 [main] cache - TemplateLoader.findTemplateSource("spark/partials/scripts_en.ftl"): Not found
[DEBUG] 2023-07-02 13:35:06.805 [main] cache - TemplateLoader.findTemplateSource("spark/partials/scripts.ftl"): Found
[DEBUG] 2023-07-02 13:35:06.805 [main] cache - Loading template for "spark/partials/scripts.ftl"("en_US", UTF-8, parsed) from "jar:file:/C:/Users/WIN%2010/.m2/repository/com/aventstack/extentreports/5.0.9/extentreports-5.0.9.jar!/com/aventstack/extentreports/templates/spark/partials/scripts.ftl"
[DEBUG] 2023-07-02 13:35:06.806 [main] cache - Couldn't find template in cache for "commons/commons-inject-js.ftl"("en_US", UTF-8, parsed); will try to load it.
[DEBUG] 2023-07-02 13:35:06.807 [main] cache - TemplateLoader.findTemplateSource("commons/commons-inject-js_en_US.ftl"): Not found
[DEBUG] 2023-07-02 13:35:06.807 [main] cache - TemplateLoader.findTemplateSource("commons/commons-inject-js_en.ftl"): Not found
[DEBUG] 2023-07-02 13:35:06.807 [main] cache - TemplateLoader.findTemplateSource("commons/commons-inject-js.ftl"): Found
[DEBUG] 2023-07-02 13:35:06.808 [main] cache - Loading template for "commons/commons-inject-js.ftl"("en_US", UTF-8, parsed) from "jar:file:/C:/Users/WIN%2010/.m2/repository/com/aventstack/extentreports/5.0.9/extentreports-5.0.9.jar!/com/aventstack/extentreports/templates/commons/commons-inject-js.ftl"
[INFO ] 2023-07-02 13:35:06.842 [main] ReportManager - File Action "DoesFileExist" successfully performed. With the following test data "File Path: "allure-results/cucumberReport.html"".
[INFO ] 2023-07-02 13:35:06.856 [main] ReportManager - Successfully created attachment 'HTML - Checkpoints Report'
[INFO ] 2023-07-02 13:35:06.858 [main] ReportManager - Driver is already closed.
[INFO ] 2023-07-02 13:35:06.867 [main] ReportManager - ===============================================
[INFO ] 2023-07-02 13:35:06.868 [main] ReportManager - Suite
[INFO ] 2023-07-02 13:35:06.869 [main] ReportManager - Total tests run: 1, Passes: 1, Failures: 0, Skips: 0
[INFO ] 2023-07-02 13:35:06.874 [main] ReportManager - ===============================================
[INFO ] 2023-07-02 13:35:06.886 [main] ReportManager - File Action "GetAbsolutePath" successfully performed. With the following test data "Relative File Path: "execution-summary/ExecutionSummaryReport_02-07-2023_13-35-06-0881-PM.html"".
[INFO ] 2023-07-02 13:35:06.890 [main] ReportManager - File Action "WriteToFile" successfully performed. With the following test data "Target File Path: "C:\Users\WIN 10\IdeaProjects\WebTestingPractice_ShaftEngine\execution-summary\ExecutionSummaryReport_02-07-2023_13-35-06-0881-PM.html"".
[INFO ] 2023-07-02 13:35:06.945 [main] ReportManager - Executing: ".\execution-summary/ExecutionSummaryReport_*.html" locally.
[INFO ] 2023-07-02 13:35:18.302 [main] ReportManager - Terminal Action "PerformTerminalCommands" successfully performed. With the following test data "Host Name: "localHost" | Command: ".\execution-summary/ExecutionSummaryReport_*.html" | Exit Status: "0"".
[INFO ] 2023-07-02 13:35:18.304 [main] ReportManager - 
------------------------------------------------------------------------------------------------------------------------------------------------
                                                         Test Execution Summary Results                                                         
                                              Total Cases: 1 --> Passed: 1 | Failed: 0 | Skipped: 0                                              
------------------------------------------------------------------------------------------------------------------------------------------------

[INFO ] 2023-07-02 13:35:18.305 [main] ReportManager - 
------------------------------------------------------------------------------------------------------------------------------------------------
                                             This test run was powered by SHAFT Engine v7.2.20230621                                             
                                  SHAFT Engine is *and will always be* 100% FREE for commercial and private use                                  
                                                       in compliance with the MIT license                                                       
                                           https://github.com/ShaftHQ/SHAFT_ENGINE/blob/master/LICENSE                                           
------------------------------------------------------------------------------------------------------------------------------------------------

